  [1m[35m (2.4ms)[0m  [1m[34mSELECT sqlite_version(*)[0m
  [1m[35m (1.9ms)[0m  [1m[35mCREATE TABLE "schema_migrations" ("version" varchar NOT NULL PRIMARY KEY)[0m
  [1m[35m (1.7ms)[0m  [1m[35mCREATE TABLE "ar_internal_metadata" ("key" varchar NOT NULL PRIMARY KEY, "value" varchar, "created_at" datetime NOT NULL, "updated_at" datetime NOT NULL)[0m
  [1m[35m (0.2ms)[0m  [1m[34mSELECT "schema_migrations"."version" FROM "schema_migrations" ORDER BY "schema_migrations"."version" ASC[0m
Migrating to CreateHistories (20170703175956)
  [1m[35m (0.1ms)[0m  [1m[36mbegin transaction[0m
  [1m[35m (0.5ms)[0m  [1m[35mCREATE TABLE "histories" ("id" INTEGER PRIMARY KEY AUTOINCREMENT NOT NULL, "title" varchar, "picture" varchar, "content" text, "created_at" datetime NOT NULL, "updated_at" datetime NOT NULL)[0m
  [1m[35mSQL (0.2ms)[0m  [1m[32mINSERT INTO "schema_migrations" ("version") VALUES (?)[0m  [["version", "20170703175956"]]
  [1m[35m (1.0ms)[0m  [1m[36mcommit transaction[0m
Migrating to DeviseCreateUsers (20190627001238)
  [1m[35m (0.2ms)[0m  [1m[36mbegin transaction[0m
  [1m[35m (0.9ms)[0m  [1m[35mCREATE TABLE "users" ("id" INTEGER PRIMARY KEY AUTOINCREMENT NOT NULL, "email" varchar DEFAULT '' NOT NULL, "encrypted_password" varchar DEFAULT '' NOT NULL, "reset_password_token" varchar, "reset_password_sent_at" datetime, "remember_created_at" datetime, "created_at" datetime NOT NULL, "updated_at" datetime NOT NULL)[0m
  [1m[35m (0.3ms)[0m  [1m[35mCREATE UNIQUE INDEX "index_users_on_email" ON "users" ("email")[0m
  [1m[35m (0.1ms)[0m  [1m[34m            SELECT sql
            FROM sqlite_master
            WHERE name='index_users_on_email' AND type='index'
            UNION ALL
            SELECT sql
            FROM sqlite_temp_master
            WHERE name='index_users_on_email' AND type='index'
[0m
  [1m[35m (0.5ms)[0m  [1m[35mCREATE UNIQUE INDEX "index_users_on_reset_password_token" ON "users" ("reset_password_token")[0m
  [1m[35mSQL (0.3ms)[0m  [1m[32mINSERT INTO "schema_migrations" ("version") VALUES (?)[0m  [["version", "20190627001238"]]
  [1m[35m (33.5ms)[0m  [1m[36mcommit transaction[0m
  [1m[36mActiveRecord::InternalMetadata Load (0.4ms)[0m  [1m[34mSELECT  "ar_internal_metadata".* FROM "ar_internal_metadata" WHERE "ar_internal_metadata"."key" = ? LIMIT ?[0m  [["key", "environment"], ["LIMIT", 1]]
  [1m[35m (0.0ms)[0m  [1m[36mbegin transaction[0m
  [1m[35mSQL (0.6ms)[0m  [1m[32mINSERT INTO "ar_internal_metadata" ("key", "value", "created_at", "updated_at") VALUES (?, ?, ?, ?)[0m  [["key", "environment"], ["value", "development"], ["created_at", "2019-06-27 00:12:55.755730"], ["updated_at", "2019-06-27 00:12:55.755730"]]
  [1m[35m (1.5ms)[0m  [1m[36mcommit transaction[0m
  [1m[35m (0.1ms)[0m  [1m[34mSELECT "schema_migrations"."version" FROM "schema_migrations" ORDER BY "schema_migrations"."version" ASC[0m
  [1m[35m (0.1ms)[0m  [1m[34m            SELECT sql
            FROM sqlite_master
            WHERE name='index_users_on_reset_password_token' AND type='index'
            UNION ALL
            SELECT sql
            FROM sqlite_temp_master
            WHERE name='index_users_on_reset_password_token' AND type='index'
[0m
  [1m[35m (0.1ms)[0m  [1m[34m            SELECT sql
            FROM sqlite_master
            WHERE name='index_users_on_email' AND type='index'
            UNION ALL
            SELECT sql
            FROM sqlite_temp_master
            WHERE name='index_users_on_email' AND type='index'
[0m
Started GET "/" for 127.0.0.1 at 2019-06-26 20:15:38 -0400
  [1m[35m (0.2ms)[0m  [1m[34mSELECT "schema_migrations"."version" FROM "schema_migrations" ORDER BY "schema_migrations"."version" ASC[0m
Processing by HistoriesController#index as HTML
  Rendering histories/index.html.erb within layouts/application
  [1m[36mHistory Load (0.2ms)[0m  [1m[34mSELECT "histories".* FROM "histories"[0m
  Rendered histories/index.html.erb within layouts/application (4.4ms)
  Rendered shared/_navbar.html.erb (1.1ms)
Completed 200 OK in 722ms (Views: 701.5ms | ActiveRecord: 0.5ms)


Started GET "/" for 127.0.0.1 at 2019-06-26 20:15:41 -0400
Processing by HistoriesController#index as HTML
  Rendering histories/index.html.erb within layouts/application
  [1m[36mHistory Load (0.3ms)[0m  [1m[34mSELECT "histories".* FROM "histories"[0m
  Rendered histories/index.html.erb within layouts/application (1.8ms)
  Rendered shared/_navbar.html.erb (1.1ms)
Completed 200 OK in 41ms (Views: 36.5ms | ActiveRecord: 0.3ms)


Started GET "/" for 127.0.0.1 at 2019-06-26 20:15:43 -0400
Processing by HistoriesController#index as HTML
  Rendering histories/index.html.erb within layouts/application
  [1m[36mHistory Load (0.2ms)[0m  [1m[34mSELECT "histories".* FROM "histories"[0m
  Rendered histories/index.html.erb within layouts/application (1.4ms)
  Rendered shared/_navbar.html.erb (0.5ms)
Completed 200 OK in 35ms (Views: 30.8ms | ActiveRecord: 0.2ms)


Started GET "/" for 127.0.0.1 at 2019-06-26 20:15:44 -0400
Processing by HistoriesController#index as HTML
  Rendering histories/index.html.erb within layouts/application
  [1m[36mHistory Load (0.2ms)[0m  [1m[34mSELECT "histories".* FROM "histories"[0m
  Rendered histories/index.html.erb within layouts/application (1.4ms)
  Rendered shared/_navbar.html.erb (0.6ms)
Completed 200 OK in 38ms (Views: 34.0ms | ActiveRecord: 0.2ms)


Started GET "/histories/new" for 127.0.0.1 at 2019-06-26 20:15:50 -0400
Processing by HistoriesController#new as HTML
  Rendering histories/new.html.erb within layouts/application
  Rendered histories/_form.html.erb (21.4ms)
  Rendered histories/new.html.erb within layouts/application (28.3ms)
  Rendered shared/_navbar.html.erb (0.4ms)
Completed 200 OK in 120ms (Views: 72.9ms | ActiveRecord: 0.7ms)


Started GET "/histories" for 127.0.0.1 at 2019-06-26 20:15:52 -0400
Processing by HistoriesController#index as HTML
  Rendering histories/index.html.erb within layouts/application
  [1m[36mHistory Load (0.2ms)[0m  [1m[34mSELECT "histories".* FROM "histories"[0m
  Rendered histories/index.html.erb within layouts/application (2.0ms)
  Rendered shared/_navbar.html.erb (0.5ms)
Completed 200 OK in 40ms (Views: 35.3ms | ActiveRecord: 0.2ms)


Started GET "/histories" for 127.0.0.1 at 2019-06-26 20:31:10 -0400
  [1m[35m (0.6ms)[0m  [1m[34mSELECT "schema_migrations"."version" FROM "schema_migrations" ORDER BY "schema_migrations"."version" ASC[0m
Processing by HistoriesController#index as HTML
  Rendering histories/index.html.erb within layouts/application
  [1m[36mHistory Load (1.2ms)[0m  [1m[34mSELECT "histories".* FROM "histories"[0m
  Rendered histories/index.html.erb within layouts/application (5.6ms)
  Rendered shared/_navbar.html.erb (0.5ms)
Completed 200 OK in 341ms (Views: 321.6ms | ActiveRecord: 1.6ms)


Started GET "/histories" for 127.0.0.1 at 2019-06-26 20:37:18 -0400
Processing by HistoriesController#index as HTML
  Rendering histories/index.html.erb within layouts/application
  [1m[36mHistory Load (0.2ms)[0m  [1m[34mSELECT "histories".* FROM "histories"[0m
  Rendered histories/index.html.erb within layouts/application (1.4ms)
  Rendered shared/_navbar.html.erb (0.7ms)
Completed 200 OK in 53ms (Views: 47.3ms | ActiveRecord: 0.2ms)


Started GET "/users/sign_in" for 127.0.0.1 at 2019-06-26 20:37:20 -0400
Processing by Devise::SessionsController#new as HTML
  Rendering devise/sessions/new.html.erb within layouts/application
  Rendered devise/shared/_links.html.erb (1.2ms)
  Rendered devise/sessions/new.html.erb within layouts/application (49.4ms)
  Rendered shared/_navbar.html.erb (0.5ms)
Completed 200 OK in 109ms (Views: 90.8ms | ActiveRecord: 0.6ms)


Started GET "/users/sign_up" for 127.0.0.1 at 2019-06-26 20:37:22 -0400
Processing by Devise::RegistrationsController#new as HTML
  Rendering devise/registrations/new.html.erb within layouts/application
  Rendered devise/shared/_error_messages.html.erb (0.7ms)
  Rendered devise/shared/_links.html.erb (1.1ms)
  Rendered devise/registrations/new.html.erb within layouts/application (12.5ms)
  Rendered shared/_navbar.html.erb (0.5ms)
Completed 200 OK in 53ms (Views: 51.7ms | ActiveRecord: 0.0ms)


Started GET "/users/sign_up" for 127.0.0.1 at 2019-06-26 21:06:57 -0400
Processing by Devise::RegistrationsController#new as HTML
  Rendering devise/registrations/new.html.erb within layouts/application
  Rendered devise/shared/_error_messages.html.erb (0.6ms)
  Rendered devise/shared/_links.html.erb (1.3ms)
  Rendered devise/registrations/new.html.erb within layouts/application (14.8ms)
  Rendered shared/_navbar.html.erb (0.9ms)
Completed 200 OK in 66ms (Views: 65.3ms | ActiveRecord: 0.0ms)


Started GET "/users/sign_in" for 127.0.0.1 at 2019-06-26 21:06:59 -0400
Processing by Devise::SessionsController#new as HTML
  Rendering devise/sessions/new.html.erb within layouts/application
  Rendered devise/shared/_links.html.erb (0.9ms)
  Rendered devise/sessions/new.html.erb within layouts/application (6.7ms)
  Rendered shared/_navbar.html.erb (0.9ms)
Completed 200 OK in 48ms (Views: 46.6ms | ActiveRecord: 0.0ms)


Started GET "/users/sign_up" for 127.0.0.1 at 2019-06-26 21:07:01 -0400
Processing by Devise::RegistrationsController#new as HTML
  Rendering devise/registrations/new.html.erb within layouts/application
  Rendered devise/shared/_error_messages.html.erb (1.0ms)
  Rendered devise/shared/_links.html.erb (1.0ms)
  Rendered devise/registrations/new.html.erb within layouts/application (16.4ms)
  Rendered shared/_navbar.html.erb (0.9ms)
Completed 200 OK in 61ms (Views: 60.4ms | ActiveRecord: 0.0ms)


Started POST "/users" for 127.0.0.1 at 2019-06-26 21:07:12 -0400
Processing by Devise::RegistrationsController#create as HTML
  Parameters: {"utf8"=>"✓", "authenticity_token"=>"esKgPukXGm8zJ6Tf8qhVgyNYdsJ5XNmlt5VnXnj7Wmyi4u/2GMQ80NV+ht5wwKOlo99FMiizlvsD4VS1jZgpzw==", "user"=>{"email"=>"daniela@gmail.com", "password"=>"[FILTERED]", "password_confirmation"=>"[FILTERED]"}, "commit"=>"Sign up"}
  [1m[35m (0.1ms)[0m  [1m[36mbegin transaction[0m
  [1m[36mUser Exists (1.0ms)[0m  [1m[34mSELECT  1 AS one FROM "users" WHERE "users"."email" = ? LIMIT ?[0m  [["email", "daniela@gmail.com"], ["LIMIT", 1]]
  [1m[35mSQL (1.7ms)[0m  [1m[32mINSERT INTO "users" ("email", "encrypted_password", "created_at", "updated_at") VALUES (?, ?, ?, ?)[0m  [["email", "daniela@gmail.com"], ["encrypted_password", "$2a$11$NTFWf/QpWVIRPr5Dsvn1Hu8uZLfRJPUcM/7ViUJI/TwG1yPSde4o2"], ["created_at", "2019-06-27 01:07:12.958332"], ["updated_at", "2019-06-27 01:07:12.958332"]]
  [1m[35m (1.5ms)[0m  [1m[36mcommit transaction[0m
Redirected to http://localhost:3000/
Completed 302 Found in 320ms (ActiveRecord: 4.2ms)


Started GET "/" for 127.0.0.1 at 2019-06-26 21:07:12 -0400
Processing by HistoriesController#index as HTML
  Rendering histories/index.html.erb within layouts/application
  [1m[36mHistory Load (0.7ms)[0m  [1m[34mSELECT "histories".* FROM "histories"[0m
  Rendered histories/index.html.erb within layouts/application (2.0ms)
  [1m[36mUser Load (0.4ms)[0m  [1m[34mSELECT  "users".* FROM "users" WHERE "users"."id" = ? ORDER BY "users"."id" ASC LIMIT ?[0m  [["id", 1], ["LIMIT", 1]]
  Rendered shared/_navbar.html.erb (320.4ms)
Completed 500 Internal Server Error in 399ms (ActiveRecord: 1.0ms)


  
ActionView::Template::Error (undefined local variable or method `current' for #<#<Class:0x00007fd729853e70>:0x00007fd725df8258>
Did you mean?  current_user):
    19:         <li class="dropdown">
    20:           <a href="#" class="dropdown-toggle" data-toggle="dropdown" role="button" aria-expanded="false">
    21:             <% if user_signed_in? %>
    22:             <% current.user.email %>
    23:             <% else %>
    24:             Acceso
    25:             <% end %>
  
app/views/shared/_navbar.html.erb:22:in `_app_views_shared__navbar_html_erb__2209021937366321439_70281059107800'
app/views/layouts/application.html.erb:21:in `_app_views_layouts_application_html_erb__3515436376121413281_70281062613340'
Started GET "/" for 127.0.0.1 at 2019-06-26 21:07:47 -0400
Processing by HistoriesController#index as HTML
  Rendering histories/index.html.erb within layouts/application
  [1m[36mHistory Load (0.2ms)[0m  [1m[34mSELECT "histories".* FROM "histories"[0m
  Rendered histories/index.html.erb within layouts/application (1.8ms)
  [1m[36mUser Load (0.2ms)[0m  [1m[34mSELECT  "users".* FROM "users" WHERE "users"."id" = ? ORDER BY "users"."id" ASC LIMIT ?[0m  [["id", 1], ["LIMIT", 1]]
  Rendered shared/_navbar.html.erb (2.1ms)
Completed 200 OK in 50ms (Views: 45.0ms | ActiveRecord: 0.4ms)


Started GET "/users/sign_out" for 127.0.0.1 at 2019-06-26 21:07:52 -0400
  
ActionController::RoutingError (No route matches [GET] "/users/sign_out"):
  
actionpack (5.1.2) lib/action_dispatch/middleware/debug_exceptions.rb:63:in `call'
web-console (3.5.1) lib/web_console/middleware.rb:135:in `call_app'
web-console (3.5.1) lib/web_console/middleware.rb:28:in `block in call'
web-console (3.5.1) lib/web_console/middleware.rb:18:in `catch'
web-console (3.5.1) lib/web_console/middleware.rb:18:in `call'
actionpack (5.1.2) lib/action_dispatch/middleware/show_exceptions.rb:31:in `call'
railties (5.1.2) lib/rails/rack/logger.rb:36:in `call_app'
railties (5.1.2) lib/rails/rack/logger.rb:24:in `block in call'
activesupport (5.1.2) lib/active_support/tagged_logging.rb:69:in `block in tagged'
activesupport (5.1.2) lib/active_support/tagged_logging.rb:26:in `tagged'
activesupport (5.1.2) lib/active_support/tagged_logging.rb:69:in `tagged'
railties (5.1.2) lib/rails/rack/logger.rb:24:in `call'
sprockets-rails (3.2.0) lib/sprockets/rails/quiet_assets.rb:13:in `call'
actionpack (5.1.2) lib/action_dispatch/middleware/remote_ip.rb:79:in `call'
actionpack (5.1.2) lib/action_dispatch/middleware/request_id.rb:25:in `call'
rack (2.0.3) lib/rack/method_override.rb:22:in `call'
rack (2.0.3) lib/rack/runtime.rb:22:in `call'
activesupport (5.1.2) lib/active_support/cache/strategy/local_cache_middleware.rb:27:in `call'
actionpack (5.1.2) lib/action_dispatch/middleware/executor.rb:12:in `call'
actionpack (5.1.2) lib/action_dispatch/middleware/static.rb:125:in `call'
rack (2.0.3) lib/rack/sendfile.rb:111:in `call'
railties (5.1.2) lib/rails/engine.rb:522:in `call'
puma (3.9.1) lib/puma/configuration.rb:224:in `call'
puma (3.9.1) lib/puma/server.rb:602:in `handle_request'
puma (3.9.1) lib/puma/server.rb:435:in `process_client'
puma (3.9.1) lib/puma/server.rb:299:in `block in run'
puma (3.9.1) lib/puma/thread_pool.rb:120:in `block in spawn_thread'
Started GET "/users/sign_out" for 127.0.0.1 at 2019-06-26 21:08:30 -0400
  
ActionController::RoutingError (No route matches [GET] "/users/sign_out"):
  
actionpack (5.1.2) lib/action_dispatch/middleware/debug_exceptions.rb:63:in `call'
web-console (3.5.1) lib/web_console/middleware.rb:135:in `call_app'
web-console (3.5.1) lib/web_console/middleware.rb:28:in `block in call'
web-console (3.5.1) lib/web_console/middleware.rb:18:in `catch'
web-console (3.5.1) lib/web_console/middleware.rb:18:in `call'
actionpack (5.1.2) lib/action_dispatch/middleware/show_exceptions.rb:31:in `call'
railties (5.1.2) lib/rails/rack/logger.rb:36:in `call_app'
railties (5.1.2) lib/rails/rack/logger.rb:24:in `block in call'
activesupport (5.1.2) lib/active_support/tagged_logging.rb:69:in `block in tagged'
activesupport (5.1.2) lib/active_support/tagged_logging.rb:26:in `tagged'
activesupport (5.1.2) lib/active_support/tagged_logging.rb:69:in `tagged'
railties (5.1.2) lib/rails/rack/logger.rb:24:in `call'
sprockets-rails (3.2.0) lib/sprockets/rails/quiet_assets.rb:13:in `call'
actionpack (5.1.2) lib/action_dispatch/middleware/remote_ip.rb:79:in `call'
actionpack (5.1.2) lib/action_dispatch/middleware/request_id.rb:25:in `call'
rack (2.0.3) lib/rack/method_override.rb:22:in `call'
rack (2.0.3) lib/rack/runtime.rb:22:in `call'
activesupport (5.1.2) lib/active_support/cache/strategy/local_cache_middleware.rb:27:in `call'
actionpack (5.1.2) lib/action_dispatch/middleware/executor.rb:12:in `call'
actionpack (5.1.2) lib/action_dispatch/middleware/static.rb:125:in `call'
rack (2.0.3) lib/rack/sendfile.rb:111:in `call'
railties (5.1.2) lib/rails/engine.rb:522:in `call'
puma (3.9.1) lib/puma/configuration.rb:224:in `call'
puma (3.9.1) lib/puma/server.rb:602:in `handle_request'
puma (3.9.1) lib/puma/server.rb:435:in `process_client'
puma (3.9.1) lib/puma/server.rb:299:in `block in run'
puma (3.9.1) lib/puma/thread_pool.rb:120:in `block in spawn_thread'
Started GET "/users/sign_in" for 127.0.0.1 at 2019-06-26 21:08:56 -0400
Processing by Devise::SessionsController#new as HTML
  [1m[36mUser Load (0.3ms)[0m  [1m[34mSELECT  "users".* FROM "users" WHERE "users"."id" = ? ORDER BY "users"."id" ASC LIMIT ?[0m  [["id", 1], ["LIMIT", 1]]
Redirected to http://localhost:3000/
Filter chain halted as :require_no_authentication rendered or redirected
Completed 302 Found in 3ms (ActiveRecord: 0.3ms)


Started GET "/" for 127.0.0.1 at 2019-06-26 21:08:56 -0400
Processing by HistoriesController#index as HTML
  Rendering histories/index.html.erb within layouts/application
  [1m[36mHistory Load (0.2ms)[0m  [1m[34mSELECT "histories".* FROM "histories"[0m
  Rendered histories/index.html.erb within layouts/application (1.9ms)
  [1m[36mUser Load (0.4ms)[0m  [1m[34mSELECT  "users".* FROM "users" WHERE "users"."id" = ? ORDER BY "users"."id" ASC LIMIT ?[0m  [["id", 1], ["LIMIT", 1]]
  Rendered shared/_navbar.html.erb (2.9ms)
Completed 200 OK in 58ms (Views: 52.8ms | ActiveRecord: 0.5ms)


Started GET "/users/edit" for 127.0.0.1 at 2019-06-26 21:09:02 -0400
Processing by Devise::RegistrationsController#edit as HTML
  [1m[36mUser Load (0.5ms)[0m  [1m[34mSELECT  "users".* FROM "users" WHERE "users"."id" = ? ORDER BY "users"."id" ASC LIMIT ?[0m  [["id", 1], ["LIMIT", 1]]
  Rendering devise/registrations/edit.html.erb within layouts/application
  Rendered devise/shared/_error_messages.html.erb (0.9ms)
  Rendered devise/registrations/edit.html.erb within layouts/application (14.2ms)
  Rendered shared/_navbar.html.erb (0.6ms)
Completed 200 OK in 64ms (Views: 61.8ms | ActiveRecord: 0.5ms)


Started GET "/users/sign_out" for 127.0.0.1 at 2019-06-26 21:09:07 -0400
  
ActionController::RoutingError (No route matches [GET] "/users/sign_out"):
  
actionpack (5.1.2) lib/action_dispatch/middleware/debug_exceptions.rb:63:in `call'
web-console (3.5.1) lib/web_console/middleware.rb:135:in `call_app'
web-console (3.5.1) lib/web_console/middleware.rb:28:in `block in call'
web-console (3.5.1) lib/web_console/middleware.rb:18:in `catch'
web-console (3.5.1) lib/web_console/middleware.rb:18:in `call'
actionpack (5.1.2) lib/action_dispatch/middleware/show_exceptions.rb:31:in `call'
railties (5.1.2) lib/rails/rack/logger.rb:36:in `call_app'
railties (5.1.2) lib/rails/rack/logger.rb:24:in `block in call'
activesupport (5.1.2) lib/active_support/tagged_logging.rb:69:in `block in tagged'
activesupport (5.1.2) lib/active_support/tagged_logging.rb:26:in `tagged'
activesupport (5.1.2) lib/active_support/tagged_logging.rb:69:in `tagged'
railties (5.1.2) lib/rails/rack/logger.rb:24:in `call'
sprockets-rails (3.2.0) lib/sprockets/rails/quiet_assets.rb:13:in `call'
actionpack (5.1.2) lib/action_dispatch/middleware/remote_ip.rb:79:in `call'
actionpack (5.1.2) lib/action_dispatch/middleware/request_id.rb:25:in `call'
rack (2.0.3) lib/rack/method_override.rb:22:in `call'
rack (2.0.3) lib/rack/runtime.rb:22:in `call'
activesupport (5.1.2) lib/active_support/cache/strategy/local_cache_middleware.rb:27:in `call'
actionpack (5.1.2) lib/action_dispatch/middleware/executor.rb:12:in `call'
actionpack (5.1.2) lib/action_dispatch/middleware/static.rb:125:in `call'
rack (2.0.3) lib/rack/sendfile.rb:111:in `call'
railties (5.1.2) lib/rails/engine.rb:522:in `call'
puma (3.9.1) lib/puma/configuration.rb:224:in `call'
puma (3.9.1) lib/puma/server.rb:602:in `handle_request'
puma (3.9.1) lib/puma/server.rb:435:in `process_client'
puma (3.9.1) lib/puma/server.rb:299:in `block in run'
puma (3.9.1) lib/puma/thread_pool.rb:120:in `block in spawn_thread'
Started GET "/users/sign_out" for 127.0.0.1 at 2019-06-26 21:10:47 -0400
  
ActionController::RoutingError (No route matches [GET] "/users/sign_out"):
  
actionpack (5.1.2) lib/action_dispatch/middleware/debug_exceptions.rb:63:in `call'
web-console (3.5.1) lib/web_console/middleware.rb:135:in `call_app'
web-console (3.5.1) lib/web_console/middleware.rb:28:in `block in call'
web-console (3.5.1) lib/web_console/middleware.rb:18:in `catch'
web-console (3.5.1) lib/web_console/middleware.rb:18:in `call'
actionpack (5.1.2) lib/action_dispatch/middleware/show_exceptions.rb:31:in `call'
railties (5.1.2) lib/rails/rack/logger.rb:36:in `call_app'
railties (5.1.2) lib/rails/rack/logger.rb:24:in `block in call'
activesupport (5.1.2) lib/active_support/tagged_logging.rb:69:in `block in tagged'
activesupport (5.1.2) lib/active_support/tagged_logging.rb:26:in `tagged'
activesupport (5.1.2) lib/active_support/tagged_logging.rb:69:in `tagged'
railties (5.1.2) lib/rails/rack/logger.rb:24:in `call'
sprockets-rails (3.2.0) lib/sprockets/rails/quiet_assets.rb:13:in `call'
actionpack (5.1.2) lib/action_dispatch/middleware/remote_ip.rb:79:in `call'
actionpack (5.1.2) lib/action_dispatch/middleware/request_id.rb:25:in `call'
rack (2.0.3) lib/rack/method_override.rb:22:in `call'
rack (2.0.3) lib/rack/runtime.rb:22:in `call'
activesupport (5.1.2) lib/active_support/cache/strategy/local_cache_middleware.rb:27:in `call'
actionpack (5.1.2) lib/action_dispatch/middleware/executor.rb:12:in `call'
actionpack (5.1.2) lib/action_dispatch/middleware/static.rb:125:in `call'
rack (2.0.3) lib/rack/sendfile.rb:111:in `call'
railties (5.1.2) lib/rails/engine.rb:522:in `call'
puma (3.9.1) lib/puma/configuration.rb:224:in `call'
puma (3.9.1) lib/puma/server.rb:602:in `handle_request'
puma (3.9.1) lib/puma/server.rb:435:in `process_client'
puma (3.9.1) lib/puma/server.rb:299:in `block in run'
puma (3.9.1) lib/puma/thread_pool.rb:120:in `block in spawn_thread'
Started GET "/users/sign_up" for 127.0.0.1 at 2019-06-26 21:10:55 -0400
Processing by Devise::RegistrationsController#new as HTML
  [1m[36mUser Load (0.3ms)[0m  [1m[34mSELECT  "users".* FROM "users" WHERE "users"."id" = ? ORDER BY "users"."id" ASC LIMIT ?[0m  [["id", 1], ["LIMIT", 1]]
Redirected to http://localhost:3000/
Filter chain halted as :require_no_authentication rendered or redirected
Completed 302 Found in 4ms (ActiveRecord: 0.3ms)


Started GET "/users/sign_up" for 127.0.0.1 at 2019-06-26 21:10:55 -0400
Started GET "/users/sign_in" for 127.0.0.1 at 2019-06-26 21:10:55 -0400
Processing by Devise::SessionsController#new as HTML
  [1m[36mUser Load (0.3ms)[0m  [1m[34mSELECT  "users".* FROM "users" WHERE "users"."id" = ? ORDER BY "users"."id" ASC LIMIT ?[0m  [["id", 1], ["LIMIT", 1]]
Redirected to http://localhost:3000/
Filter chain halted as :require_no_authentication rendered or redirected
Processing by Devise::RegistrationsController#new as HTML
Started GET "/" for 127.0.0.1 at 2019-06-26 21:10:55 -0400
  [1m[36mUser Load (0.2ms)[0m  [1m[34mSELECT  "users".* FROM "users" WHERE "users"."id" = ? ORDER BY "users"."id" ASC LIMIT ?[0m  [["id", 1], ["LIMIT", 1]]
Completed 302 Found in 5ms (ActiveRecord: 0.3ms)


Redirected to http://localhost:3000/
Processing by HistoriesController#index as HTML
Filter chain halted as :require_no_authentication rendered or redirected
Completed 302 Found in 10ms (ActiveRecord: 0.5ms)


  Rendering histories/index.html.erb within layouts/application
  [1m[36mHistory Load (0.2ms)[0m  [1m[34mSELECT "histories".* FROM "histories"[0m
  Rendered histories/index.html.erb within layouts/application (1.5ms)
  [1m[36mUser Load (0.2ms)[0m  [1m[34mSELECT  "users".* FROM "users" WHERE "users"."id" = ? ORDER BY "users"."id" ASC LIMIT ?[0m  [["id", 1], ["LIMIT", 1]]
  Rendered shared/_navbar.html.erb (2.1ms)
Completed 200 OK in 55ms (Views: 49.3ms | ActiveRecord: 0.4ms)


Started GET "/users/sign_in" for 127.0.0.1 at 2019-06-26 21:10:56 -0400
Processing by Devise::SessionsController#new as HTML
  [1m[36mUser Load (0.3ms)[0m  [1m[34mSELECT  "users".* FROM "users" WHERE "users"."id" = ? ORDER BY "users"."id" ASC LIMIT ?[0m  [["id", 1], ["LIMIT", 1]]
Redirected to http://localhost:3000/
Filter chain halted as :require_no_authentication rendered or redirected
Completed 302 Found in 10ms (ActiveRecord: 0.3ms)


Started GET "/" for 127.0.0.1 at 2019-06-26 21:10:56 -0400
Processing by HistoriesController#index as HTML
  Rendering histories/index.html.erb within layouts/application
  [1m[36mHistory Load (0.2ms)[0m  [1m[34mSELECT "histories".* FROM "histories"[0m
  Rendered histories/index.html.erb within layouts/application (1.7ms)
  [1m[36mUser Load (0.2ms)[0m  [1m[34mSELECT  "users".* FROM "users" WHERE "users"."id" = ? ORDER BY "users"."id" ASC LIMIT ?[0m  [["id", 1], ["LIMIT", 1]]
  Rendered shared/_navbar.html.erb (1.8ms)
Completed 200 OK in 60ms (Views: 54.9ms | ActiveRecord: 0.4ms)


Started GET "/users/sign_in" for 127.0.0.1 at 2019-06-26 21:10:56 -0400
Processing by Devise::SessionsController#new as HTML
  [1m[36mUser Load (0.3ms)[0m  [1m[34mSELECT  "users".* FROM "users" WHERE "users"."id" = ? ORDER BY "users"."id" ASC LIMIT ?[0m  [["id", 1], ["LIMIT", 1]]
Redirected to http://localhost:3000/
Filter chain halted as :require_no_authentication rendered or redirected
Completed 302 Found in 4ms (ActiveRecord: 0.3ms)


Started GET "/" for 127.0.0.1 at 2019-06-26 21:10:56 -0400
Processing by HistoriesController#index as HTML
  Rendering histories/index.html.erb within layouts/application
  [1m[36mHistory Load (0.2ms)[0m  [1m[34mSELECT "histories".* FROM "histories"[0m
  Rendered histories/index.html.erb within layouts/application (1.7ms)
  [1m[36mUser Load (0.2ms)[0m  [1m[34mSELECT  "users".* FROM "users" WHERE "users"."id" = ? ORDER BY "users"."id" ASC LIMIT ?[0m  [["id", 1], ["LIMIT", 1]]
  Rendered shared/_navbar.html.erb (2.6ms)
Completed 200 OK in 58ms (Views: 53.9ms | ActiveRecord: 0.4ms)


Started GET "/users/sign_out" for 127.0.0.1 at 2019-06-26 21:10:59 -0400
  
ActionController::RoutingError (No route matches [GET] "/users/sign_out"):
  
actionpack (5.1.2) lib/action_dispatch/middleware/debug_exceptions.rb:63:in `call'
web-console (3.5.1) lib/web_console/middleware.rb:135:in `call_app'
web-console (3.5.1) lib/web_console/middleware.rb:28:in `block in call'
web-console (3.5.1) lib/web_console/middleware.rb:18:in `catch'
web-console (3.5.1) lib/web_console/middleware.rb:18:in `call'
actionpack (5.1.2) lib/action_dispatch/middleware/show_exceptions.rb:31:in `call'
railties (5.1.2) lib/rails/rack/logger.rb:36:in `call_app'
railties (5.1.2) lib/rails/rack/logger.rb:24:in `block in call'
activesupport (5.1.2) lib/active_support/tagged_logging.rb:69:in `block in tagged'
activesupport (5.1.2) lib/active_support/tagged_logging.rb:26:in `tagged'
activesupport (5.1.2) lib/active_support/tagged_logging.rb:69:in `tagged'
railties (5.1.2) lib/rails/rack/logger.rb:24:in `call'
sprockets-rails (3.2.0) lib/sprockets/rails/quiet_assets.rb:13:in `call'
actionpack (5.1.2) lib/action_dispatch/middleware/remote_ip.rb:79:in `call'
actionpack (5.1.2) lib/action_dispatch/middleware/request_id.rb:25:in `call'
rack (2.0.3) lib/rack/method_override.rb:22:in `call'
rack (2.0.3) lib/rack/runtime.rb:22:in `call'
activesupport (5.1.2) lib/active_support/cache/strategy/local_cache_middleware.rb:27:in `call'
actionpack (5.1.2) lib/action_dispatch/middleware/executor.rb:12:in `call'
actionpack (5.1.2) lib/action_dispatch/middleware/static.rb:125:in `call'
rack (2.0.3) lib/rack/sendfile.rb:111:in `call'
railties (5.1.2) lib/rails/engine.rb:522:in `call'
puma (3.9.1) lib/puma/configuration.rb:224:in `call'
puma (3.9.1) lib/puma/server.rb:602:in `handle_request'
puma (3.9.1) lib/puma/server.rb:435:in `process_client'
puma (3.9.1) lib/puma/server.rb:299:in `block in run'
puma (3.9.1) lib/puma/thread_pool.rb:120:in `block in spawn_thread'
Started GET "/users/sign_out" for 127.0.0.1 at 2019-06-26 21:11:04 -0400
  
ActionController::RoutingError (No route matches [GET] "/users/sign_out"):
  
actionpack (5.1.2) lib/action_dispatch/middleware/debug_exceptions.rb:63:in `call'
web-console (3.5.1) lib/web_console/middleware.rb:135:in `call_app'
web-console (3.5.1) lib/web_console/middleware.rb:28:in `block in call'
web-console (3.5.1) lib/web_console/middleware.rb:18:in `catch'
web-console (3.5.1) lib/web_console/middleware.rb:18:in `call'
actionpack (5.1.2) lib/action_dispatch/middleware/show_exceptions.rb:31:in `call'
railties (5.1.2) lib/rails/rack/logger.rb:36:in `call_app'
railties (5.1.2) lib/rails/rack/logger.rb:24:in `block in call'
activesupport (5.1.2) lib/active_support/tagged_logging.rb:69:in `block in tagged'
activesupport (5.1.2) lib/active_support/tagged_logging.rb:26:in `tagged'
activesupport (5.1.2) lib/active_support/tagged_logging.rb:69:in `tagged'
railties (5.1.2) lib/rails/rack/logger.rb:24:in `call'
sprockets-rails (3.2.0) lib/sprockets/rails/quiet_assets.rb:13:in `call'
actionpack (5.1.2) lib/action_dispatch/middleware/remote_ip.rb:79:in `call'
actionpack (5.1.2) lib/action_dispatch/middleware/request_id.rb:25:in `call'
rack (2.0.3) lib/rack/method_override.rb:22:in `call'
rack (2.0.3) lib/rack/runtime.rb:22:in `call'
activesupport (5.1.2) lib/active_support/cache/strategy/local_cache_middleware.rb:27:in `call'
actionpack (5.1.2) lib/action_dispatch/middleware/executor.rb:12:in `call'
actionpack (5.1.2) lib/action_dispatch/middleware/static.rb:125:in `call'
rack (2.0.3) lib/rack/sendfile.rb:111:in `call'
railties (5.1.2) lib/rails/engine.rb:522:in `call'
puma (3.9.1) lib/puma/configuration.rb:224:in `call'
puma (3.9.1) lib/puma/server.rb:602:in `handle_request'
puma (3.9.1) lib/puma/server.rb:435:in `process_client'
puma (3.9.1) lib/puma/server.rb:299:in `block in run'
puma (3.9.1) lib/puma/thread_pool.rb:120:in `block in spawn_thread'
Started GET "/users/sign_out" for 127.0.0.1 at 2019-06-26 21:11:10 -0400
  
ActionController::RoutingError (No route matches [GET] "/users/sign_out"):
  
actionpack (5.1.2) lib/action_dispatch/middleware/debug_exceptions.rb:63:in `call'
web-console (3.5.1) lib/web_console/middleware.rb:135:in `call_app'
web-console (3.5.1) lib/web_console/middleware.rb:28:in `block in call'
web-console (3.5.1) lib/web_console/middleware.rb:18:in `catch'
web-console (3.5.1) lib/web_console/middleware.rb:18:in `call'
actionpack (5.1.2) lib/action_dispatch/middleware/show_exceptions.rb:31:in `call'
railties (5.1.2) lib/rails/rack/logger.rb:36:in `call_app'
railties (5.1.2) lib/rails/rack/logger.rb:24:in `block in call'
activesupport (5.1.2) lib/active_support/tagged_logging.rb:69:in `block in tagged'
activesupport (5.1.2) lib/active_support/tagged_logging.rb:26:in `tagged'
activesupport (5.1.2) lib/active_support/tagged_logging.rb:69:in `tagged'
railties (5.1.2) lib/rails/rack/logger.rb:24:in `call'
sprockets-rails (3.2.0) lib/sprockets/rails/quiet_assets.rb:13:in `call'
actionpack (5.1.2) lib/action_dispatch/middleware/remote_ip.rb:79:in `call'
actionpack (5.1.2) lib/action_dispatch/middleware/request_id.rb:25:in `call'
rack (2.0.3) lib/rack/method_override.rb:22:in `call'
rack (2.0.3) lib/rack/runtime.rb:22:in `call'
activesupport (5.1.2) lib/active_support/cache/strategy/local_cache_middleware.rb:27:in `call'
actionpack (5.1.2) lib/action_dispatch/middleware/executor.rb:12:in `call'
actionpack (5.1.2) lib/action_dispatch/middleware/static.rb:125:in `call'
rack (2.0.3) lib/rack/sendfile.rb:111:in `call'
railties (5.1.2) lib/rails/engine.rb:522:in `call'
puma (3.9.1) lib/puma/configuration.rb:224:in `call'
puma (3.9.1) lib/puma/server.rb:602:in `handle_request'
puma (3.9.1) lib/puma/server.rb:435:in `process_client'
puma (3.9.1) lib/puma/server.rb:299:in `block in run'
puma (3.9.1) lib/puma/thread_pool.rb:120:in `block in spawn_thread'
Started GET "/users/sign_in" for 127.0.0.1 at 2019-06-26 21:11:11 -0400
Processing by Devise::SessionsController#new as HTML
  [1m[36mUser Load (0.2ms)[0m  [1m[34mSELECT  "users".* FROM "users" WHERE "users"."id" = ? ORDER BY "users"."id" ASC LIMIT ?[0m  [["id", 1], ["LIMIT", 1]]
Redirected to http://localhost:3000/
Filter chain halted as :require_no_authentication rendered or redirected
Completed 302 Found in 2ms (ActiveRecord: 0.2ms)


Started GET "/" for 127.0.0.1 at 2019-06-26 21:11:11 -0400
Processing by HistoriesController#index as HTML
  Rendering histories/index.html.erb within layouts/application
  [1m[36mHistory Load (0.2ms)[0m  [1m[34mSELECT "histories".* FROM "histories"[0m
  Rendered histories/index.html.erb within layouts/application (2.5ms)
  [1m[36mUser Load (0.2ms)[0m  [1m[34mSELECT  "users".* FROM "users" WHERE "users"."id" = ? ORDER BY "users"."id" ASC LIMIT ?[0m  [["id", 1], ["LIMIT", 1]]
  Rendered shared/_navbar.html.erb (1.7ms)
Completed 200 OK in 40ms (Views: 35.6ms | ActiveRecord: 0.4ms)


Started GET "/users/sign_in" for 127.0.0.1 at 2019-06-26 21:11:11 -0400
Processing by Devise::SessionsController#new as HTML
  [1m[36mUser Load (0.2ms)[0m  [1m[34mSELECT  "users".* FROM "users" WHERE "users"."id" = ? ORDER BY "users"."id" ASC LIMIT ?[0m  [["id", 1], ["LIMIT", 1]]
Redirected to http://localhost:3000/
Filter chain halted as :require_no_authentication rendered or redirected
Completed 302 Found in 3ms (ActiveRecord: 0.2ms)


Started GET "/" for 127.0.0.1 at 2019-06-26 21:11:11 -0400
Processing by HistoriesController#index as HTML
  Rendering histories/index.html.erb within layouts/application
  [1m[36mHistory Load (0.2ms)[0m  [1m[34mSELECT "histories".* FROM "histories"[0m
  Rendered histories/index.html.erb within layouts/application (1.5ms)
  [1m[36mUser Load (0.3ms)[0m  [1m[34mSELECT  "users".* FROM "users" WHERE "users"."id" = ? ORDER BY "users"."id" ASC LIMIT ?[0m  [["id", 1], ["LIMIT", 1]]
  Rendered shared/_navbar.html.erb (1.8ms)
Completed 200 OK in 40ms (Views: 35.9ms | ActiveRecord: 0.4ms)


Started GET "/" for 127.0.0.1 at 2019-06-26 21:11:15 -0400
Processing by HistoriesController#index as HTML
  Rendering histories/index.html.erb within layouts/application
  [1m[36mHistory Load (1.0ms)[0m  [1m[34mSELECT "histories".* FROM "histories"[0m
  Rendered histories/index.html.erb within layouts/application (2.3ms)
  [1m[36mUser Load (0.3ms)[0m  [1m[34mSELECT  "users".* FROM "users" WHERE "users"."id" = ? ORDER BY "users"."id" ASC LIMIT ?[0m  [["id", 1], ["LIMIT", 1]]
  Rendered shared/_navbar.html.erb (2.1ms)
Completed 200 OK in 38ms (Views: 32.7ms | ActiveRecord: 1.3ms)


Started GET "/users/sign_out" for 127.0.0.1 at 2019-06-26 21:11:33 -0400
  
ActionController::RoutingError (No route matches [GET] "/users/sign_out"):
  
actionpack (5.1.2) lib/action_dispatch/middleware/debug_exceptions.rb:63:in `call'
web-console (3.5.1) lib/web_console/middleware.rb:135:in `call_app'
web-console (3.5.1) lib/web_console/middleware.rb:28:in `block in call'
web-console (3.5.1) lib/web_console/middleware.rb:18:in `catch'
web-console (3.5.1) lib/web_console/middleware.rb:18:in `call'
actionpack (5.1.2) lib/action_dispatch/middleware/show_exceptions.rb:31:in `call'
railties (5.1.2) lib/rails/rack/logger.rb:36:in `call_app'
railties (5.1.2) lib/rails/rack/logger.rb:24:in `block in call'
activesupport (5.1.2) lib/active_support/tagged_logging.rb:69:in `block in tagged'
activesupport (5.1.2) lib/active_support/tagged_logging.rb:26:in `tagged'
activesupport (5.1.2) lib/active_support/tagged_logging.rb:69:in `tagged'
railties (5.1.2) lib/rails/rack/logger.rb:24:in `call'
sprockets-rails (3.2.0) lib/sprockets/rails/quiet_assets.rb:13:in `call'
actionpack (5.1.2) lib/action_dispatch/middleware/remote_ip.rb:79:in `call'
actionpack (5.1.2) lib/action_dispatch/middleware/request_id.rb:25:in `call'
rack (2.0.3) lib/rack/method_override.rb:22:in `call'
rack (2.0.3) lib/rack/runtime.rb:22:in `call'
activesupport (5.1.2) lib/active_support/cache/strategy/local_cache_middleware.rb:27:in `call'
actionpack (5.1.2) lib/action_dispatch/middleware/executor.rb:12:in `call'
actionpack (5.1.2) lib/action_dispatch/middleware/static.rb:125:in `call'
rack (2.0.3) lib/rack/sendfile.rb:111:in `call'
railties (5.1.2) lib/rails/engine.rb:522:in `call'
puma (3.9.1) lib/puma/configuration.rb:224:in `call'
puma (3.9.1) lib/puma/server.rb:602:in `handle_request'
puma (3.9.1) lib/puma/server.rb:435:in `process_client'
puma (3.9.1) lib/puma/server.rb:299:in `block in run'
puma (3.9.1) lib/puma/thread_pool.rb:120:in `block in spawn_thread'
Started GET "/users/sign_in" for 127.0.0.1 at 2019-06-26 21:12:04 -0400
Processing by Devise::SessionsController#new as HTML
  [1m[36mUser Load (0.2ms)[0m  [1m[34mSELECT  "users".* FROM "users" WHERE "users"."id" = ? ORDER BY "users"."id" ASC LIMIT ?[0m  [["id", 1], ["LIMIT", 1]]
Redirected to http://localhost:3000/
Filter chain halted as :require_no_authentication rendered or redirected
Completed 302 Found in 2ms (ActiveRecord: 0.2ms)


Started GET "/" for 127.0.0.1 at 2019-06-26 21:12:04 -0400
Processing by HistoriesController#index as HTML
  Rendering histories/index.html.erb within layouts/application
  [1m[36mHistory Load (0.3ms)[0m  [1m[34mSELECT "histories".* FROM "histories"[0m
  Rendered histories/index.html.erb within layouts/application (2.3ms)
  [1m[36mUser Load (0.2ms)[0m  [1m[34mSELECT  "users".* FROM "users" WHERE "users"."id" = ? ORDER BY "users"."id" ASC LIMIT ?[0m  [["id", 1], ["LIMIT", 1]]
  Rendered shared/_navbar.html.erb (1.8ms)
Completed 200 OK in 55ms (Views: 49.7ms | ActiveRecord: 0.5ms)


Started GET "/" for 127.0.0.1 at 2019-06-26 21:12:06 -0400
Processing by HistoriesController#index as HTML
  Rendering histories/index.html.erb within layouts/application
  [1m[36mHistory Load (0.2ms)[0m  [1m[34mSELECT "histories".* FROM "histories"[0m
  Rendered histories/index.html.erb within layouts/application (1.5ms)
  [1m[36mUser Load (0.2ms)[0m  [1m[34mSELECT  "users".* FROM "users" WHERE "users"."id" = ? ORDER BY "users"."id" ASC LIMIT ?[0m  [["id", 1], ["LIMIT", 1]]
  Rendered shared/_navbar.html.erb (2.1ms)
Completed 200 OK in 38ms (Views: 33.5ms | ActiveRecord: 0.4ms)


Started DELETE "/users/sign_out" for 127.0.0.1 at 2019-06-26 21:12:08 -0400
Processing by Devise::SessionsController#destroy as HTML
  Parameters: {"authenticity_token"=>"pe0U39H9NnfmuD7Fe9IxtxkRfExOAl50+O74qDNk+eldZdn9SKmA9B3/n7rMuh8cyUJ1r4g044Tody+bJf2fXA=="}
  [1m[36mUser Load (0.3ms)[0m  [1m[34mSELECT  "users".* FROM "users" WHERE "users"."id" = ? ORDER BY "users"."id" ASC LIMIT ?[0m  [["id", 1], ["LIMIT", 1]]
  [1m[35m (0.1ms)[0m  [1m[36mbegin transaction[0m
  [1m[35m (0.0ms)[0m  [1m[36mcommit transaction[0m
Redirected to http://localhost:3000/
Completed 302 Found in 11ms (ActiveRecord: 0.4ms)


Started GET "/" for 127.0.0.1 at 2019-06-26 21:12:08 -0400
Processing by HistoriesController#index as HTML
  Rendering histories/index.html.erb within layouts/application
  [1m[36mHistory Load (0.2ms)[0m  [1m[34mSELECT "histories".* FROM "histories"[0m
  Rendered histories/index.html.erb within layouts/application (1.5ms)
  Rendered shared/_navbar.html.erb (0.9ms)
Completed 200 OK in 36ms (Views: 31.5ms | ActiveRecord: 0.2ms)


  [1m[35m (1.1ms)[0m  [1m[34mSELECT "schema_migrations"."version" FROM "schema_migrations" ORDER BY "schema_migrations"."version" ASC[0m
Migrating to AddForeignKeyToHistory (20190627013316)
  [1m[35m (0.1ms)[0m  [1m[36mbegin transaction[0m
  [1m[35m (1.1ms)[0m  [1m[35mALTER TABLE "histories" ADD "user_id" integer[0m
  [1m[35m (0.1ms)[0m  [1m[34mSELECT sqlite_version(*)[0m
  [1m[35m (0.9ms)[0m  [1m[35mCREATE  INDEX "index_histories_on_user_id" ON "histories" ("user_id")[0m
  [1m[35mSQL (0.8ms)[0m  [1m[32mINSERT INTO "schema_migrations" ("version") VALUES (?)[0m  [["version", "20190627013316"]]
  [1m[35m (3.3ms)[0m  [1m[36mcommit transaction[0m
  [1m[36mActiveRecord::InternalMetadata Load (0.8ms)[0m  [1m[34mSELECT  "ar_internal_metadata".* FROM "ar_internal_metadata" WHERE "ar_internal_metadata"."key" = ? LIMIT ?[0m  [["key", "environment"], ["LIMIT", 1]]
  [1m[35m (0.1ms)[0m  [1m[36mbegin transaction[0m
  [1m[35m (0.0ms)[0m  [1m[36mcommit transaction[0m
  [1m[35m (0.1ms)[0m  [1m[34mSELECT "schema_migrations"."version" FROM "schema_migrations" ORDER BY "schema_migrations"."version" ASC[0m
  [1m[35m (0.2ms)[0m  [1m[34m            SELECT sql
            FROM sqlite_master
            WHERE name='index_histories_on_user_id' AND type='index'
            UNION ALL
            SELECT sql
            FROM sqlite_temp_master
            WHERE name='index_histories_on_user_id' AND type='index'
[0m
  [1m[35m (0.1ms)[0m  [1m[34m            SELECT sql
            FROM sqlite_master
            WHERE name='index_users_on_reset_password_token' AND type='index'
            UNION ALL
            SELECT sql
            FROM sqlite_temp_master
            WHERE name='index_users_on_reset_password_token' AND type='index'
[0m
  [1m[35m (0.1ms)[0m  [1m[34m            SELECT sql
            FROM sqlite_master
            WHERE name='index_users_on_email' AND type='index'
            UNION ALL
            SELECT sql
            FROM sqlite_temp_master
            WHERE name='index_users_on_email' AND type='index'
[0m
  [1m[35m (0.2ms)[0m  [1m[34mSELECT "schema_migrations"."version" FROM "schema_migrations" ORDER BY "schema_migrations"."version" ASC[0m
Migrating to AddColumnsToUser (20190627013533)
  [1m[35m (0.1ms)[0m  [1m[36mbegin transaction[0m
  [1m[35m (0.8ms)[0m  [1m[35mALTER TABLE "users" ADD "name" varchar[0m
  [1m[35m (0.2ms)[0m  [1m[35mALTER TABLE "users" ADD "username" varchar[0m
  [1m[35m (0.3ms)[0m  [1m[35mALTER TABLE "users" ADD "admin" boolean[0m
  [1m[35mSQL (0.3ms)[0m  [1m[32mINSERT INTO "schema_migrations" ("version") VALUES (?)[0m  [["version", "20190627013533"]]
  [1m[35m (2.0ms)[0m  [1m[36mcommit transaction[0m
  [1m[36mActiveRecord::InternalMetadata Load (0.3ms)[0m  [1m[34mSELECT  "ar_internal_metadata".* FROM "ar_internal_metadata" WHERE "ar_internal_metadata"."key" = ? LIMIT ?[0m  [["key", "environment"], ["LIMIT", 1]]
  [1m[35m (0.2ms)[0m  [1m[36mbegin transaction[0m
  [1m[35m (0.1ms)[0m  [1m[36mcommit transaction[0m
  [1m[35m (0.1ms)[0m  [1m[34mSELECT "schema_migrations"."version" FROM "schema_migrations" ORDER BY "schema_migrations"."version" ASC[0m
  [1m[35m (0.1ms)[0m  [1m[34m            SELECT sql
            FROM sqlite_master
            WHERE name='index_histories_on_user_id' AND type='index'
            UNION ALL
            SELECT sql
            FROM sqlite_temp_master
            WHERE name='index_histories_on_user_id' AND type='index'
[0m
  [1m[35m (0.1ms)[0m  [1m[34m            SELECT sql
            FROM sqlite_master
            WHERE name='index_users_on_reset_password_token' AND type='index'
            UNION ALL
            SELECT sql
            FROM sqlite_temp_master
            WHERE name='index_users_on_reset_password_token' AND type='index'
[0m
  [1m[35m (0.1ms)[0m  [1m[34m            SELECT sql
            FROM sqlite_master
            WHERE name='index_users_on_email' AND type='index'
            UNION ALL
            SELECT sql
            FROM sqlite_temp_master
            WHERE name='index_users_on_email' AND type='index'
[0m
Started GET "/" for 127.0.0.1 at 2019-06-26 21:44:32 -0400
  [1m[35m (0.2ms)[0m  [1m[34mSELECT "schema_migrations"."version" FROM "schema_migrations" ORDER BY "schema_migrations"."version" ASC[0m
  
SyntaxError (/Users/dana/desafio_latam/2019/Bootcamp_RubyOnRails/Autentificacion/Desafios/devise2/app/controllers/application_controller.rb:4: syntax error, unexpected ':', expecting keyword_end
  validates: :name, presence: true
           ^
/Users/dana/desafio_latam/2019/Bootcamp_RubyOnRails/Autentificacion/Desafios/devise2/app/controllers/application_controller.rb:5: syntax error, unexpected ':', expecting keyword_end
  validates: :username, uniqueness: true,...
           ^
/Users/dana/desafio_latam/2019/Bootcamp_RubyOnRails/Autentificacion/Desafios/devise2/app/controllers/application_controller.rb:5: Can't assign to true
...s: :username, uniqueness: true, presence: true
...                              ^):
  
app/controllers/application_controller.rb:4: syntax error, unexpected ':', expecting keyword_end
app/controllers/application_controller.rb:5: syntax error, unexpected ':', expecting keyword_end
app/controllers/application_controller.rb:5: Can't assign to true
app/controllers/histories_controller.rb:1:in `<top (required)>'
Started GET "/" for 127.0.0.1 at 2019-06-26 21:44:49 -0400
  
SyntaxError (/Users/dana/desafio_latam/2019/Bootcamp_RubyOnRails/Autentificacion/Desafios/devise2/app/controllers/application_controller.rb:4: syntax error, unexpected ':', expecting keyword_end
  validates: :name, presence: true
           ^
/Users/dana/desafio_latam/2019/Bootcamp_RubyOnRails/Autentificacion/Desafios/devise2/app/controllers/application_controller.rb:5: syntax error, unexpected ':', expecting keyword_end
  validates: :username, uniqueness: true,...
           ^
/Users/dana/desafio_latam/2019/Bootcamp_RubyOnRails/Autentificacion/Desafios/devise2/app/controllers/application_controller.rb:5: Can't assign to true
...s: :username, uniqueness: true, presence: true
...                              ^):
  
app/controllers/application_controller.rb:4: syntax error, unexpected ':', expecting keyword_end
app/controllers/application_controller.rb:5: syntax error, unexpected ':', expecting keyword_end
app/controllers/application_controller.rb:5: Can't assign to true
app/controllers/histories_controller.rb:1:in `<top (required)>'
Started GET "/" for 127.0.0.1 at 2019-06-26 21:44:52 -0400
  
SyntaxError (/Users/dana/desafio_latam/2019/Bootcamp_RubyOnRails/Autentificacion/Desafios/devise2/app/controllers/application_controller.rb:4: syntax error, unexpected ':', expecting keyword_end
  validates: :name, presence: true
           ^
/Users/dana/desafio_latam/2019/Bootcamp_RubyOnRails/Autentificacion/Desafios/devise2/app/controllers/application_controller.rb:5: syntax error, unexpected ':', expecting keyword_end
  validates: :username, uniqueness: true,...
           ^
/Users/dana/desafio_latam/2019/Bootcamp_RubyOnRails/Autentificacion/Desafios/devise2/app/controllers/application_controller.rb:5: Can't assign to true
...s: :username, uniqueness: true, presence: true
...                              ^):
  
app/controllers/application_controller.rb:4: syntax error, unexpected ':', expecting keyword_end
app/controllers/application_controller.rb:5: syntax error, unexpected ':', expecting keyword_end
app/controllers/application_controller.rb:5: Can't assign to true
app/controllers/histories_controller.rb:1:in `<top (required)>'
Started GET "/" for 127.0.0.1 at 2019-06-26 21:44:52 -0400
  
SyntaxError (/Users/dana/desafio_latam/2019/Bootcamp_RubyOnRails/Autentificacion/Desafios/devise2/app/controllers/application_controller.rb:4: syntax error, unexpected ':', expecting keyword_end
  validates: :name, presence: true
           ^
/Users/dana/desafio_latam/2019/Bootcamp_RubyOnRails/Autentificacion/Desafios/devise2/app/controllers/application_controller.rb:5: syntax error, unexpected ':', expecting keyword_end
  validates: :username, uniqueness: true,...
           ^
/Users/dana/desafio_latam/2019/Bootcamp_RubyOnRails/Autentificacion/Desafios/devise2/app/controllers/application_controller.rb:5: Can't assign to true
...s: :username, uniqueness: true, presence: true
...                              ^):
  
app/controllers/application_controller.rb:4: syntax error, unexpected ':', expecting keyword_end
app/controllers/application_controller.rb:5: syntax error, unexpected ':', expecting keyword_end
app/controllers/application_controller.rb:5: Can't assign to true
app/controllers/histories_controller.rb:1:in `<top (required)>'
Started GET "/" for 127.0.0.1 at 2019-06-26 21:45:21 -0400
  
ActionController::RoutingError (undefined method `validates' for ApplicationController:Class):
  
app/controllers/application_controller.rb:4:in `<class:ApplicationController>'
app/controllers/application_controller.rb:1:in `<top (required)>'
app/controllers/histories_controller.rb:1:in `<top (required)>'
Started GET "/" for 127.0.0.1 at 2019-06-26 21:46:14 -0400
Processing by HistoriesController#index as HTML
  Rendering histories/index.html.erb within layouts/application
  [1m[36mHistory Load (0.1ms)[0m  [1m[34mSELECT "histories".* FROM "histories"[0m
  Rendered histories/index.html.erb within layouts/application (4.3ms)
  Rendered shared/_navbar.html.erb (1.3ms)
Completed 200 OK in 67ms (Views: 49.8ms | ActiveRecord: 0.7ms)


Started GET "/histories/new" for 127.0.0.1 at 2019-06-26 21:46:16 -0400
Processing by HistoriesController#new as HTML
  Rendering histories/new.html.erb within layouts/application
  Rendered histories/_form.html.erb (9.4ms)
  Rendered histories/new.html.erb within layouts/application (13.7ms)
  Rendered shared/_navbar.html.erb (1.0ms)
Completed 200 OK in 58ms (Views: 45.2ms | ActiveRecord: 0.6ms)


Started GET "/users/sign_in" for 127.0.0.1 at 2019-06-26 21:46:22 -0400
Processing by Devise::SessionsController#new as HTML
  Rendering devise/sessions/new.html.erb within layouts/application
  Rendered devise/shared/_links.html.erb (1.1ms)
  Rendered devise/sessions/new.html.erb within layouts/application (8.2ms)
  Rendered shared/_navbar.html.erb (0.8ms)
Completed 200 OK in 64ms (Views: 46.5ms | ActiveRecord: 0.6ms)


Started POST "/users/sign_in" for 127.0.0.1 at 2019-06-26 21:46:31 -0400
Processing by Devise::SessionsController#create as HTML
  Parameters: {"utf8"=>"✓", "authenticity_token"=>"uMkaYBJnuz4dtL6ftdYQYwNs5XOcRNWlyqtUAiSYeZrnt7csWes8OlH6criqqTevvXS67Fs2F3O/2GRWaSR+9g==", "user"=>{"email"=>"daniela@gmail.com", "password"=>"[FILTERED]", "remember_me"=>"0"}, "commit"=>"Log in"}
  [1m[36mUser Load (0.3ms)[0m  [1m[34mSELECT  "users".* FROM "users" WHERE "users"."email" = ? ORDER BY "users"."id" ASC LIMIT ?[0m  [["email", "daniela@gmail.com"], ["LIMIT", 1]]
Redirected to http://localhost:3000/
Completed 302 Found in 214ms (ActiveRecord: 0.3ms)


Started GET "/" for 127.0.0.1 at 2019-06-26 21:46:31 -0400
Processing by HistoriesController#index as HTML
  Rendering histories/index.html.erb within layouts/application
  [1m[36mHistory Load (0.3ms)[0m  [1m[34mSELECT "histories".* FROM "histories"[0m
  Rendered histories/index.html.erb within layouts/application (2.3ms)
  [1m[36mUser Load (0.2ms)[0m  [1m[34mSELECT  "users".* FROM "users" WHERE "users"."id" = ? ORDER BY "users"."id" ASC LIMIT ?[0m  [["id", 1], ["LIMIT", 1]]
  Rendered shared/_navbar.html.erb (1.9ms)
Completed 200 OK in 46ms (Views: 41.9ms | ActiveRecord: 0.5ms)


Started GET "/histories/new" for 127.0.0.1 at 2019-06-26 21:46:33 -0400
Processing by HistoriesController#new as HTML
  Rendering histories/new.html.erb within layouts/application
  Rendered histories/_form.html.erb (1.9ms)
  Rendered histories/new.html.erb within layouts/application (5.6ms)
  [1m[36mUser Load (0.2ms)[0m  [1m[34mSELECT  "users".* FROM "users" WHERE "users"."id" = ? ORDER BY "users"."id" ASC LIMIT ?[0m  [["id", 1], ["LIMIT", 1]]
  Rendered shared/_navbar.html.erb (1.7ms)
Completed 200 OK in 42ms (Views: 37.0ms | ActiveRecord: 0.2ms)


Started POST "/histories" for 127.0.0.1 at 2019-06-26 21:48:03 -0400
Processing by HistoriesController#create as HTML
  Parameters: {"utf8"=>"✓", "authenticity_token"=>"hWciXHctUGkVIsA1UQaHuZe5uwmHf9zyMZQnzcNzLsntWW6w7iI13FZLuyHZR10rgkYajG6BrFpIw+6+RLGpsA==", "history"=>{"title"=>"Historia de un oso", "remote_picture_url"=>"https://ichef.bbci.co.uk/news/ws/660/amz/worldservice/live/assets/images/2016/02/26/160226121322_historia_de_un_oso_1_624x415_punkrobot.jpg", "picture_cache"=>"", "content"=>"Un cortometraje..... "}, "commit"=>"Enviar"}
Unpermitted parameter: :picture_cache
  [1m[36mUser Load (0.4ms)[0m  [1m[34mSELECT  "users".* FROM "users" WHERE "users"."id" = ? ORDER BY "users"."id" ASC LIMIT ?[0m  [["id", 1], ["LIMIT", 1]]
Completed 500 Internal Server Error in 446ms (ActiveRecord: 0.4ms)


  
NoMethodError (undefined method `user=' for #<History:0x00007fd729cbf888>
Did you mean?  user_id=):
  
app/controllers/histories_controller.rb:28:in `create'
Started POST "/histories" for 127.0.0.1 at 2019-06-26 21:48:33 -0400
Processing by HistoriesController#create as HTML
  Parameters: {"utf8"=>"✓", "authenticity_token"=>"hWciXHctUGkVIsA1UQaHuZe5uwmHf9zyMZQnzcNzLsntWW6w7iI13FZLuyHZR10rgkYajG6BrFpIw+6+RLGpsA==", "history"=>{"title"=>"Historia de un oso", "remote_picture_url"=>"https://ichef.bbci.co.uk/news/ws/660/amz/worldservice/live/assets/images/2016/02/26/160226121322_historia_de_un_oso_1_624x415_punkrobot.jpg", "picture_cache"=>"", "content"=>"Un cortometraje..... "}, "commit"=>"Enviar"}
Unpermitted parameter: :picture_cache
  [1m[36mUser Load (0.3ms)[0m  [1m[34mSELECT  "users".* FROM "users" WHERE "users"."id" = ? ORDER BY "users"."id" ASC LIMIT ?[0m  [["id", 1], ["LIMIT", 1]]
Completed 500 Internal Server Error in 447ms (ActiveRecord: 2.2ms)


  
NoMethodError (undefined method `user=' for #<History:0x00007fd72b941308>
Did you mean?  user_id=):
  
app/controllers/histories_controller.rb:28:in `create'
Started POST "/histories" for 127.0.0.1 at 2019-06-26 21:49:14 -0400
Processing by HistoriesController#create as HTML
  Parameters: {"utf8"=>"✓", "authenticity_token"=>"hWciXHctUGkVIsA1UQaHuZe5uwmHf9zyMZQnzcNzLsntWW6w7iI13FZLuyHZR10rgkYajG6BrFpIw+6+RLGpsA==", "history"=>{"title"=>"Historia de un oso", "remote_picture_url"=>"https://ichef.bbci.co.uk/news/ws/660/amz/worldservice/live/assets/images/2016/02/26/160226121322_historia_de_un_oso_1_624x415_punkrobot.jpg", "picture_cache"=>"", "content"=>"Un cortometraje..... "}, "commit"=>"Enviar"}
Unpermitted parameter: :picture_cache
  [1m[36mUser Load (0.2ms)[0m  [1m[34mSELECT  "users".* FROM "users" WHERE "users"."id" = ? ORDER BY "users"."id" ASC LIMIT ?[0m  [["id", 1], ["LIMIT", 1]]
  [1m[35m (0.1ms)[0m  [1m[36mbegin transaction[0m
  [1m[35mSQL (0.6ms)[0m  [1m[32mINSERT INTO "histories" ("title", "picture", "content", "created_at", "updated_at") VALUES (?, ?, ?, ?, ?)[0m  [["title", "Historia de un oso"], ["picture", "160226121322_historia_de_un_oso_1_624x415_punkrobot.jpg"], ["content", "Un cortometraje..... "], ["created_at", "2019-06-27 01:49:14.938668"], ["updated_at", "2019-06-27 01:49:14.938668"]]
  [1m[35m (9.4ms)[0m  [1m[36mcommit transaction[0m
Redirected to http://localhost:3000/histories/1
Completed 302 Found in 859ms (ActiveRecord: 12.0ms)


Started GET "/histories/1" for 127.0.0.1 at 2019-06-26 21:49:16 -0400
Processing by HistoriesController#show as HTML
  Parameters: {"id"=>"1"}
  [1m[36mHistory Load (0.5ms)[0m  [1m[34mSELECT  "histories".* FROM "histories" WHERE "histories"."id" = ? LIMIT ?[0m  [["id", 1], ["LIMIT", 1]]
  Rendering histories/show.html.erb within layouts/application
  Rendered histories/show.html.erb within layouts/application (2.5ms)
  [1m[36mUser Load (0.3ms)[0m  [1m[34mSELECT  "users".* FROM "users" WHERE "users"."id" = ? ORDER BY "users"."id" ASC LIMIT ?[0m  [["id", 1], ["LIMIT", 1]]
  Rendered shared/_navbar.html.erb (2.2ms)
Completed 200 OK in 62ms (Views: 48.2ms | ActiveRecord: 0.7ms)


Started GET "/" for 127.0.0.1 at 2019-06-26 21:49:38 -0400
Processing by HistoriesController#index as HTML
  Rendering histories/index.html.erb within layouts/application
  [1m[36mHistory Load (0.1ms)[0m  [1m[34mSELECT "histories".* FROM "histories"[0m
  Rendered histories/index.html.erb within layouts/application (12.0ms)
  [1m[36mUser Load (0.1ms)[0m  [1m[34mSELECT  "users".* FROM "users" WHERE "users"."id" = ? ORDER BY "users"."id" ASC LIMIT ?[0m  [["id", 1], ["LIMIT", 1]]
  Rendered shared/_navbar.html.erb (16.7ms)
Completed 200 OK in 83ms (Views: 69.3ms | ActiveRecord: 1.6ms)


Started DELETE "/users/sign_out" for 127.0.0.1 at 2019-06-26 21:49:43 -0400
Processing by Devise::SessionsController#destroy as HTML
  Parameters: {"authenticity_token"=>"X6l7rmmMVfvTo3D9iqTuqoIUU8rV46JsQ1Zm6Md4Elzo7K/2VLaQ0uidLv9YezooooOgpW2ypPUhlTvDgq1Dxg=="}
  [1m[36mUser Load (0.2ms)[0m  [1m[34mSELECT  "users".* FROM "users" WHERE "users"."id" = ? ORDER BY "users"."id" ASC LIMIT ?[0m  [["id", 1], ["LIMIT", 1]]
  [1m[35m (0.1ms)[0m  [1m[36mbegin transaction[0m
  [1m[35m (0.1ms)[0m  [1m[36mcommit transaction[0m
Redirected to http://localhost:3000/
Completed 302 Found in 7ms (ActiveRecord: 0.4ms)


Started GET "/" for 127.0.0.1 at 2019-06-26 21:49:43 -0400
Processing by HistoriesController#index as HTML
  Rendering histories/index.html.erb within layouts/application
  [1m[36mHistory Load (0.2ms)[0m  [1m[34mSELECT "histories".* FROM "histories"[0m
  Rendered histories/index.html.erb within layouts/application (3.0ms)
  Rendered shared/_navbar.html.erb (1.6ms)
Completed 200 OK in 58ms (Views: 50.2ms | ActiveRecord: 0.2ms)


Started GET "/" for 127.0.0.1 at 2019-06-26 21:52:06 -0400
Processing by HistoriesController#index as HTML
  Rendering histories/index.html.erb within layouts/application
  [1m[36mHistory Load (0.2ms)[0m  [1m[34mSELECT "histories".* FROM "histories"[0m
  Rendered histories/index.html.erb within layouts/application (3.5ms)
  Rendered shared/_navbar.html.erb (0.8ms)
Completed 200 OK in 54ms (Views: 49.5ms | ActiveRecord: 0.2ms)


Started GET "/users/sign_in" for 127.0.0.1 at 2019-06-26 21:52:11 -0400
Processing by Devise::SessionsController#new as HTML
  Rendering devise/sessions/new.html.erb within layouts/application
  Rendered devise/shared/_links.html.erb (1.2ms)
  Rendered devise/sessions/new.html.erb within layouts/application (8.6ms)
  Rendered shared/_navbar.html.erb (0.9ms)
Completed 200 OK in 48ms (Views: 46.6ms | ActiveRecord: 0.0ms)


Started POST "/users/sign_in" for 127.0.0.1 at 2019-06-26 21:52:21 -0400
Processing by Devise::SessionsController#create as HTML
  Parameters: {"utf8"=>"✓", "authenticity_token"=>"CA8ExZpoe+4bu9j/PervPqK+L1PNOh53NwaKCpzLz08X2ExoH+4dEwhdIA3EH/vBS0qtcJROvVOaapCe/HD+Sg==", "user"=>{"email"=>"daniela@gmail.com", "password"=>"[FILTERED]", "remember_me"=>"0"}, "commit"=>"Log in"}
  [1m[36mUser Load (0.3ms)[0m  [1m[34mSELECT  "users".* FROM "users" WHERE "users"."email" = ? ORDER BY "users"."id" ASC LIMIT ?[0m  [["email", "daniela@gmail.com"], ["LIMIT", 1]]
Redirected to http://localhost:3000/
Completed 302 Found in 173ms (ActiveRecord: 0.3ms)


Started GET "/" for 127.0.0.1 at 2019-06-26 21:52:22 -0400
Processing by HistoriesController#index as HTML
  Rendering histories/index.html.erb within layouts/application
  [1m[36mHistory Load (0.3ms)[0m  [1m[34mSELECT "histories".* FROM "histories"[0m
  [1m[36mUser Load (0.2ms)[0m  [1m[34mSELECT  "users".* FROM "users" WHERE "users"."id" = ? ORDER BY "users"."id" ASC LIMIT ?[0m  [["id", 1], ["LIMIT", 1]]
  Rendered histories/index.html.erb within layouts/application (4.1ms)
  Rendered shared/_navbar.html.erb (1.0ms)
Completed 200 OK in 44ms (Views: 39.5ms | ActiveRecord: 0.5ms)


Started GET "/" for 127.0.0.1 at 2019-06-26 21:55:08 -0400
Processing by HistoriesController#index as HTML
  Rendering histories/index.html.erb within layouts/application
  [1m[36mHistory Load (0.2ms)[0m  [1m[34mSELECT "histories".* FROM "histories"[0m
  [1m[36mUser Load (0.2ms)[0m  [1m[34mSELECT  "users".* FROM "users" WHERE "users"."id" = ? ORDER BY "users"."id" ASC LIMIT ?[0m  [["id", 1], ["LIMIT", 1]]
  Rendered histories/index.html.erb within layouts/application (3.8ms)
  Rendered shared/_navbar.html.erb (0.8ms)
Completed 200 OK in 52ms (Views: 46.7ms | ActiveRecord: 0.4ms)


Started DELETE "/users/sign_out" for 127.0.0.1 at 2019-06-26 21:55:11 -0400
Processing by Devise::SessionsController#destroy as HTML
  Parameters: {"authenticity_token"=>"N68wS5j07CqbfZhwdv8OrVtDXmy5uKpPhpDq1f4+htQExZ76skj8vfkdSvrra1Rsj4sk+x7vhQPntQCFibxJWQ=="}
  [1m[36mUser Load (0.2ms)[0m  [1m[34mSELECT  "users".* FROM "users" WHERE "users"."id" = ? ORDER BY "users"."id" ASC LIMIT ?[0m  [["id", 1], ["LIMIT", 1]]
  [1m[35m (0.1ms)[0m  [1m[36mbegin transaction[0m
  [1m[35m (0.0ms)[0m  [1m[36mcommit transaction[0m
Redirected to http://localhost:3000/
Completed 302 Found in 4ms (ActiveRecord: 0.3ms)


Started GET "/" for 127.0.0.1 at 2019-06-26 21:55:11 -0400
Processing by HistoriesController#index as HTML
  Rendering histories/index.html.erb within layouts/application
  [1m[36mHistory Load (0.2ms)[0m  [1m[34mSELECT "histories".* FROM "histories"[0m
  Rendered histories/index.html.erb within layouts/application (2.7ms)
  Rendered shared/_navbar.html.erb (1.0ms)
Completed 200 OK in 45ms (Views: 40.9ms | ActiveRecord: 0.2ms)


Started GET "/users/sign_up" for 127.0.0.1 at 2019-06-26 21:55:15 -0400
Processing by Devise::RegistrationsController#new as HTML
  Rendering devise/registrations/new.html.erb within layouts/application
  Rendered devise/shared/_error_messages.html.erb (0.9ms)
  Rendered devise/shared/_links.html.erb (1.2ms)
  Rendered devise/registrations/new.html.erb within layouts/application (17.4ms)
  Rendered shared/_navbar.html.erb (0.9ms)
Completed 200 OK in 60ms (Views: 58.3ms | ActiveRecord: 0.0ms)


Started POST "/users" for 127.0.0.1 at 2019-06-26 21:55:31 -0400
Processing by Devise::RegistrationsController#create as HTML
  Parameters: {"utf8"=>"✓", "authenticity_token"=>"qi7rMPZ7Y7g6sA6WpC7bG1DZi/YRYNLyiuW5N72hO91Oct0RfSkroM5EPcxPtyBI2DhZxZLtvFy0pVKUgSVx0w==", "user"=>{"name"=>"daniela2", "username"=>"daniela2", "email"=>"daniela2@gmail.com", "password"=>"[FILTERED]", "password_confirmation"=>"[FILTERED]"}, "commit"=>"Registrarse"}
  [1m[35m (0.1ms)[0m  [1m[36mbegin transaction[0m
  [1m[36mUser Exists (0.2ms)[0m  [1m[34mSELECT  1 AS one FROM "users" WHERE "users"."email" = ? LIMIT ?[0m  [["email", "daniela2@gmail.com"], ["LIMIT", 1]]
  [1m[36mUser Exists (0.2ms)[0m  [1m[34mSELECT  1 AS one FROM "users" WHERE "users"."username" = ? LIMIT ?[0m  [["username", "daniela2"], ["LIMIT", 1]]
  [1m[35mSQL (0.7ms)[0m  [1m[32mINSERT INTO "users" ("email", "encrypted_password", "created_at", "updated_at", "name", "username") VALUES (?, ?, ?, ?, ?, ?)[0m  [["email", "daniela2@gmail.com"], ["encrypted_password", "$2a$11$WwQjbhnT5OKcWfD5Yp9fVOim6A9TjbAQr4ZZzqBnxcxXPSt0VRqQG"], ["created_at", "2019-06-27 01:55:31.627874"], ["updated_at", "2019-06-27 01:55:31.627874"], ["name", "daniela2"], ["username", "daniela2"]]
  [1m[35m (2.1ms)[0m  [1m[36mcommit transaction[0m
Redirected to http://localhost:3000/
Completed 302 Found in 192ms (ActiveRecord: 3.2ms)


Started GET "/" for 127.0.0.1 at 2019-06-26 21:55:31 -0400
Processing by HistoriesController#index as HTML
  Rendering histories/index.html.erb within layouts/application
  [1m[36mHistory Load (0.2ms)[0m  [1m[34mSELECT "histories".* FROM "histories"[0m
  [1m[36mUser Load (0.3ms)[0m  [1m[34mSELECT  "users".* FROM "users" WHERE "users"."id" = ? ORDER BY "users"."id" ASC LIMIT ?[0m  [["id", 2], ["LIMIT", 1]]
  Rendered histories/index.html.erb within layouts/application (4.3ms)
  Rendered shared/_navbar.html.erb (0.7ms)
Completed 200 OK in 67ms (Views: 60.2ms | ActiveRecord: 0.5ms)


Started GET "/" for 127.0.0.1 at 2019-06-26 21:58:48 -0400
Processing by HistoriesController#index as HTML
  Rendering histories/index.html.erb within layouts/application
  [1m[36mHistory Load (0.2ms)[0m  [1m[34mSELECT "histories".* FROM "histories"[0m
  Rendered histories/index.html.erb within layouts/application (299.4ms)
Completed 500 Internal Server Error in 317ms (ActiveRecord: 0.2ms)


  
ActionView::Template::Error (undefined local variable or method `helpers' for #<#<Class:0x00007fd725e19390>:0x00007fd72b3e33c0>
Did you mean?  headers):
    16:           <h3><%= history.title %></h3>
    17:           <small><%= time_ago_in_words(history.created_at) %> ago</small>
    18:           <p><%= history.content.truncate(150)  %></p>
    19:           <% if history.user_id == helpers.current_user %>
    20:           <p><%= link_to 'Show', history, class: "btn btn-primary" %> <%= link_to 'Edit', edit_history_path(history), class: "btn btn-warning" %> <%= link_to 'Destroy', history, method: :delete, data: { confirm: 'Are you sure?' }, class: "btn btn-danger" %></p>
    21:           <% else %>
    22:           <%= link_to 'Show', history, class: "btn btn-primary" %>
  
app/views/histories/index.html.erb:19:in `block in _app_views_histories_index_html_erb___3315589315851380567_70281015116060'
app/views/histories/index.html.erb:11:in `each'
app/views/histories/index.html.erb:11:in `_app_views_histories_index_html_erb___3315589315851380567_70281015116060'
Started GET "/" for 127.0.0.1 at 2019-06-26 21:59:02 -0400
Processing by HistoriesController#index as HTML
  Rendering histories/index.html.erb within layouts/application
  [1m[36mHistory Load (0.2ms)[0m  [1m[34mSELECT "histories".* FROM "histories"[0m
  Rendered histories/index.html.erb within layouts/application (12.9ms)
Completed 500 Internal Server Error in 29ms (ActiveRecord: 0.2ms)


  
ActionView::Template::Error (undefined method `user' for #<History:0x00007fd72b030980>
Did you mean?  user_id):
    16:           <h3><%= history.title %></h3>
    17:           <small><%= time_ago_in_words(history.created_at) %> ago</small>
    18:           <p><%= history.content.truncate(150)  %></p>
    19:           <% if history.user == helpers.current_user %>
    20:           <p><%= link_to 'Show', history, class: "btn btn-primary" %> <%= link_to 'Edit', edit_history_path(history), class: "btn btn-warning" %> <%= link_to 'Destroy', history, method: :delete, data: { confirm: 'Are you sure?' }, class: "btn btn-danger" %></p>
    21:           <% else %>
    22:           <%= link_to 'Show', history, class: "btn btn-primary" %>
  
app/views/histories/index.html.erb:19:in `block in _app_views_histories_index_html_erb___3315589315851380567_70281049274320'
app/views/histories/index.html.erb:11:in `each'
app/views/histories/index.html.erb:11:in `_app_views_histories_index_html_erb___3315589315851380567_70281049274320'
Started GET "/" for 127.0.0.1 at 2019-06-26 21:59:12 -0400
Processing by HistoriesController#index as HTML
  Rendering histories/index.html.erb within layouts/application
  [1m[36mHistory Load (0.2ms)[0m  [1m[34mSELECT "histories".* FROM "histories"[0m
  Rendered histories/index.html.erb within layouts/application (10.9ms)
Completed 500 Internal Server Error in 30ms (ActiveRecord: 0.2ms)


  
ActionView::Template::Error (undefined method `user' for #<History:0x00007fd729d05040>
Did you mean?  user_id):
    16:           <h3><%= history.title %></h3>
    17:           <small><%= time_ago_in_words(history.created_at) %> ago</small>
    18:           <p><%= history.content.truncate(150)  %></p>
    19:           <% if history.user == current_user %>
    20:           <p><%= link_to 'Show', history, class: "btn btn-primary" %> <%= link_to 'Edit', edit_history_path(history), class: "btn btn-warning" %> <%= link_to 'Destroy', history, method: :delete, data: { confirm: 'Are you sure?' }, class: "btn btn-danger" %></p>
    21:           <% else %>
    22:           <%= link_to 'Show', history, class: "btn btn-primary" %>
  
app/views/histories/index.html.erb:19:in `block in _app_views_histories_index_html_erb___3315589315851380567_70281040527660'
app/views/histories/index.html.erb:11:in `each'
app/views/histories/index.html.erb:11:in `_app_views_histories_index_html_erb___3315589315851380567_70281040527660'
Started GET "/" for 127.0.0.1 at 2019-06-26 21:59:19 -0400
Processing by HistoriesController#index as HTML
  Rendering histories/index.html.erb within layouts/application
  [1m[36mHistory Load (0.2ms)[0m  [1m[34mSELECT "histories".* FROM "histories"[0m
  [1m[36mUser Load (0.2ms)[0m  [1m[34mSELECT  "users".* FROM "users" WHERE "users"."id" = ? ORDER BY "users"."id" ASC LIMIT ?[0m  [["id", 2], ["LIMIT", 1]]
  Rendered histories/index.html.erb within layouts/application (3.8ms)
  Rendered shared/_navbar.html.erb (1.0ms)
Completed 200 OK in 57ms (Views: 52.3ms | ActiveRecord: 0.4ms)


